<?xml version="1.0" encoding="UTF-8"?>
<testng-results skipped="0" failed="0" ignored="0" total="1" passed="1">
  <reporter-output>
  </reporter-output>
  <suite name="Default suite" duration-ms="58568" started-at="2020-01-20T09:43:34Z" finished-at="2020-01-20T09:44:33Z">
    <groups>
    </groups>
    <test name="Default test" duration-ms="58568" started-at="2020-01-20T09:43:34Z" finished-at="2020-01-20T09:44:33Z">
      <class name="com.training.sanity.tests.CYTC_55Test">
        <test-method status="PASS" signature="setUpBeforeClass()[pri:0, instance:com.training.sanity.tests.CYTC_55Test@27efef64]" name="setUpBeforeClass" is-config="true" duration-ms="19" started-at="2020-01-20T09:43:34Z" finished-at="2020-01-20T09:43:34Z">
          <reporter-output>
          </reporter-output>
        </test-method> <!-- setUpBeforeClass -->
        <test-method status="PASS" signature="setUp()[pri:0, instance:com.training.sanity.tests.CYTC_55Test@27efef64]" name="setUp" is-config="true" duration-ms="11315" started-at="2020-01-20T09:43:34Z" finished-at="2020-01-20T09:43:46Z">
          <reporter-output>
          </reporter-output>
        </test-method> <!-- setUp -->
        <test-method status="PASS" signature="validLoginTest()[pri:0, instance:com.training.sanity.tests.CYTC_55Test@27efef64]" name="validLoginTest" duration-ms="45385" started-at="2020-01-20T09:43:46Z" finished-at="2020-01-20T09:44:31Z">
          <reporter-output>
          </reporter-output>
        </test-method> <!-- validLoginTest -->
        <test-method status="PASS" signature="tearDown()[pri:0, instance:com.training.sanity.tests.CYTC_55Test@27efef64]" name="tearDown" is-config="true" duration-ms="1821" started-at="2020-01-20T09:44:31Z" finished-at="2020-01-20T09:44:33Z">
          <reporter-output>
          </reporter-output>
        </test-method> <!-- tearDown -->
      </class> <!-- com.training.sanity.tests.CYTC_55Test -->
    </test> <!-- Default test -->
  </suite> <!-- Default suite -->
</testng-results>
